Line 55: Class MSComctlLib.ListView of control lsvPriceRuleList was not a loaded control class.
Line 61: The property name _ExtentX in lsvPriceRuleList is invalid.
Line 62: The property name _ExtentY in lsvPriceRuleList is invalid.
Line 63: The property name View in lsvPriceRuleList is invalid.
Line 64: The property name LabelEdit in lsvPriceRuleList is invalid.
Line 65: The property name LabelWrap in lsvPriceRuleList is invalid.
Line 66: The property name HideSelection in lsvPriceRuleList is invalid.
Line 67: The property name FullRowSelect in lsvPriceRuleList is invalid.
Line 68: The property name GridLines in lsvPriceRuleList is invalid.
Line 69: The property name _Version in lsvPriceRuleList is invalid.
Line 83: The property name NumItems in lsvPriceRuleList is invalid.
Line 87: The property name ColumnHeader(1) in lsvPriceRuleList is invalid.
Line 92: The property name ColumnHeader(2) in lsvPriceRuleList is invalid.
Line 97: The property name ColumnHeader(3) in lsvPriceRuleList is invalid.
Line 102: The property name ColumnHeader(4) in lsvPriceRuleList is invalid.
Line 107: The property name ColumnHeader(5) in lsvPriceRuleList is invalid.
Line 112: The property name ColumnHeader(6) in lsvPriceRuleList is invalid.
Line 117: The property name ColumnHeader(7) in lsvPriceRuleList is invalid.
Line 122: The property name ColumnHeader(8) in lsvPriceRuleList is invalid.
Line 127: The property name ColumnHeader(9) in lsvPriceRuleList is invalid.
Line 132: The property name ColumnHeader(10) in lsvPriceRuleList is invalid.
Line 137: The property name ColumnHeader(11) in lsvPriceRuleList is invalid.
Line 142: The property name ColumnHeader(12) in lsvPriceRuleList is invalid.
